<?xml version="1.0" encoding="UTF-8"?>
<testng-results ignored="0" total="1" passed="1" failed="0" skipped="0">
  <reporter-output>
  </reporter-output>
  <suite started-at="2024-01-22T14:11:51 IST" name="Default suite" finished-at="2024-01-22T14:11:54 IST" duration-ms="2625">
    <groups>
    </groups>
    <test started-at="2024-01-22T14:11:51 IST" name="Default test" finished-at="2024-01-22T14:11:54 IST" duration-ms="2625">
      <class name="demo_002.Delete_001">
        <test-method signature="test()[pri:0, instance:demo_002.Delete_001@7334aada]" started-at="2024-01-22T14:11:52 IST" name="test" finished-at="2024-01-22T14:11:54 IST" duration-ms="2578" status="PASS">
          <reporter-output>
          </reporter-output>
        </test-method> <!-- test -->
      </class> <!-- demo_002.Delete_001 -->
    </test> <!-- Default test -->
  </suite> <!-- Default suite -->
</testng-results>
