<?xml version="1.0" encoding="UTF-8"?>
<testng-results ignored="0" total="1" passed="1" failed="0" skipped="0">
  <reporter-output>
  </reporter-output>
  <suite started-at="2024-01-23T13:42:12 IST" name="Default suite" finished-at="2024-01-23T13:42:14 IST" duration-ms="2664">
    <groups>
    </groups>
    <test started-at="2024-01-23T13:42:12 IST" name="Default test" finished-at="2024-01-23T13:42:14 IST" duration-ms="2664">
      <class name="demo_003.Demo_003_responsefullbody">
        <test-method signature="test1()[pri:0, instance:demo_003.Demo_003_responsefullbody@1a451d4d]" started-at="2024-01-23T13:42:12 IST" name="test1" finished-at="2024-01-23T13:42:14 IST" duration-ms="2611" status="PASS">
          <reporter-output>
          </reporter-output>
        </test-method> <!-- test1 -->
      </class> <!-- demo_003.Demo_003_responsefullbody -->
    </test> <!-- Default test -->
  </suite> <!-- Default suite -->
</testng-results>
